TN:
SF:/Users/manu/Projects/angular-gmp2019Q3/src/test.ts
FNF:0
FNH:0
DA:13,1
DA:18,1
DA:20,1
LF:3
LH:3
BRF:0
BRH:0
end_of_record
TN:
SF:/Users/manu/Projects/angular-gmp2019Q3/src/app/app.component.ts
FN:18,(anonymous_0)
FN:24,(anonymous_1)
FNF:2
FNH:1
FNDA:2,(anonymous_0)
FNDA:0,(anonymous_1)
DA:15,1
DA:16,2
DA:19,2
DA:20,2
DA:21,2
DA:25,0
DA:27,0
DA:29,0
DA:30,0
LF:9
LH:5
BRDA:29,0,0,0
BRDA:29,0,1,0
BRF:2
BRH:0
end_of_record
TN:
SF:/Users/manu/Projects/angular-gmp2019Q3/src/app/modules/core/components/breadcrumbs/breadcrumbs.component.ts
FN:16,(anonymous_0)
FN:18,(anonymous_1)
FNF:2
FNH:2
FNDA:1,(anonymous_0)
FNDA:1,(anonymous_1)
DA:11,1
DA:12,1
DA:16,1
DA:19,1
LF:4
LH:4
BRF:0
BRH:0
end_of_record
TN:
SF:/Users/manu/Projects/angular-gmp2019Q3/src/app/modules/core/components/footer/footer.component.ts
FN:14,(anonymous_0)
FNF:1
FNH:1
FNDA:1,(anonymous_0)
DA:9,1
DA:15,1
LF:2
LH:2
BRF:0
BRH:0
end_of_record
TN:
SF:/Users/manu/Projects/angular-gmp2019Q3/src/app/modules/core/components/header/header.component.ts
FN:16,(anonymous_0)
FN:23,(anonymous_1)
FN:27,(anonymous_2)
FN:31,(anonymous_3)
FNF:4
FNH:1
FNDA:1,(anonymous_0)
FNDA:0,(anonymous_1)
FNDA:0,(anonymous_2)
FNDA:0,(anonymous_3)
DA:15,1
DA:17,1
DA:18,1
DA:19,1
DA:20,1
DA:24,0
DA:28,0
DA:32,0
LF:8
LH:5
BRF:0
BRH:0
end_of_record
TN:
SF:/Users/manu/Projects/angular-gmp2019Q3/src/app/modules/core/components/loader/loader.component.ts
FNF:0
FNH:0
DA:8,1
LF:1
LH:1
BRF:0
BRH:0
end_of_record
TN:
SF:/Users/manu/Projects/angular-gmp2019Q3/src/app/modules/core/components/login-page/login-page.component.ts
FN:17,(anonymous_0)
FN:19,(anonymous_1)
FN:26,(anonymous_2)
FNF:3
FNH:2
FNDA:1,(anonymous_0)
FNDA:1,(anonymous_1)
FNDA:0,(anonymous_2)
DA:14,1
DA:17,1
DA:20,1
DA:27,0
LF:4
LH:3
BRF:0
BRH:0
end_of_record
TN:
SF:/Users/manu/Projects/angular-gmp2019Q3/src/app/modules/core/components/logo/logo.component.ts
FNF:0
FNH:0
DA:9,1
LF:1
LH:1
BRF:0
BRH:0
end_of_record
TN:
SF:/Users/manu/Projects/angular-gmp2019Q3/src/app/modules/core/components/not-found-page/not-found-page.component.ts
FNF:0
FNH:0
DA:9,1
LF:1
LH:1
BRF:0
BRH:0
end_of_record
TN:
SF:/Users/manu/Projects/angular-gmp2019Q3/src/app/modules/core/guards/auth.guard.ts
FN:13,(anonymous_0)
FN:15,(anonymous_1)
FNF:2
FNH:1
FNDA:1,(anonymous_0)
FNDA:0,(anonymous_1)
DA:10,1
DA:13,1
DA:16,0
DA:18,0
DA:19,0
DA:21,0
DA:24,0
LF:7
LH:2
BRDA:18,0,0,0
BRDA:18,0,1,0
BRF:2
BRH:0
end_of_record
TN:
SF:/Users/manu/Projects/angular-gmp2019Q3/src/app/modules/core/models/json-translation-loader.model.ts
FN:5,(anonymous_0)
FNF:1
FNH:0
FNDA:0,(anonymous_0)
DA:6,0
LF:1
LH:0
BRF:0
BRH:0
end_of_record
TN:
SF:/Users/manu/Projects/angular-gmp2019Q3/src/app/modules/core/services/auth.service.ts
FN:23,(anonymous_0)
FN:28,(anonymous_1)
FN:36,(anonymous_2)
FN:39,(anonymous_3)
FN:46,(anonymous_4)
FN:51,(anonymous_5)
FN:57,(anonymous_6)
FN:61,(anonymous_7)
FN:68,(anonymous_8)
FNF:9
FNH:2
FNDA:7,(anonymous_0)
FNDA:0,(anonymous_1)
FNDA:0,(anonymous_2)
FNDA:0,(anonymous_3)
FNDA:0,(anonymous_4)
FNDA:8,(anonymous_5)
FNDA:0,(anonymous_6)
FNDA:0,(anonymous_7)
FNDA:0,(anonymous_8)
DA:17,1
DA:18,7
DA:23,7
DA:24,7
DA:25,7
DA:29,0
DA:31,0
DA:36,0
DA:40,0
DA:41,0
DA:42,0
DA:47,0
DA:48,0
DA:52,8
DA:54,8
DA:58,0
DA:62,0
DA:64,0
DA:68,0
LF:19
LH:7
BRDA:40,0,0,0
BRDA:40,0,1,0
BRF:2
BRH:0
end_of_record
TN:
SF:/Users/manu/Projects/angular-gmp2019Q3/src/app/modules/core/services/language.service.ts
FN:18,(anonymous_0)
FN:20,(anonymous_1)
FN:24,(anonymous_2)
FN:36,(anonymous_3)
FN:44,(anonymous_4)
FN:48,(anonymous_5)
FN:52,(anonymous_6)
FN:53,(anonymous_7)
FN:56,(anonymous_8)
FNF:9
FNH:1
FNDA:2,(anonymous_0)
FNDA:0,(anonymous_1)
FNDA:0,(anonymous_2)
FNDA:0,(anonymous_3)
FNDA:0,(anonymous_4)
FNDA:0,(anonymous_5)
FNDA:0,(anonymous_6)
FNDA:0,(anonymous_7)
FNDA:0,(anonymous_8)
DA:7,1
DA:8,1
DA:9,1
DA:14,1
DA:16,2
DA:18,2
DA:21,0
DA:25,0
DA:26,0
DA:28,0
DA:30,0
DA:31,0
DA:34,0
DA:36,0
DA:37,0
DA:38,0
DA:41,0
DA:45,0
DA:49,0
DA:53,0
DA:57,0
LF:21
LH:6
BRDA:28,0,0,0
BRDA:28,0,1,0
BRDA:30,1,0,0
BRDA:30,1,1,0
BRDA:48,2,0,0
BRF:5
BRH:0
end_of_record
TN:
SF:/Users/manu/Projects/angular-gmp2019Q3/src/app/modules/core/services/local-storage.service.ts
FN:7,(anonymous_0)
FN:14,(anonymous_1)
FN:20,(anonymous_2)
FN:26,(anonymous_3)
FNF:4
FNH:0
FNDA:0,(anonymous_0)
FNDA:0,(anonymous_1)
FNDA:0,(anonymous_2)
FNDA:0,(anonymous_3)
DA:6,1
DA:9,0
DA:11,0
DA:15,0
DA:16,0
DA:17,0
DA:21,0
DA:22,0
DA:23,0
DA:27,0
DA:28,0
LF:11
LH:1
BRDA:16,0,0,0
BRDA:16,0,1,0
BRDA:17,1,0,0
BRDA:17,1,1,0
BRF:4
BRH:0
end_of_record
TN:
SF:/Users/manu/Projects/angular-gmp2019Q3/src/app/modules/core/services/ui.service.ts
FN:18,(anonymous_0)
FN:22,(anonymous_1)
FN:23,(anonymous_2)
FN:25,(anonymous_3)
FN:34,(anonymous_4)
FN:47,(anonymous_5)
FN:51,(anonymous_6)
FNF:7
FNH:6
FNDA:15,(anonymous_0)
FNDA:1,(anonymous_1)
FNDA:1,(anonymous_2)
FNDA:1,(anonymous_3)
FNDA:15,(anonymous_4)
FNDA:1,(anonymous_5)
FNDA:0,(anonymous_6)
DA:13,1
DA:14,15
DA:16,15
DA:18,15
DA:19,15
DA:22,1
DA:23,1
DA:26,1
DA:27,1
DA:28,0
DA:29,0
DA:35,15
DA:48,1
DA:52,0
LF:14
LH:11
BRDA:22,0,0,1
BRDA:22,0,1,0
BRDA:23,1,0,1
BRDA:23,1,1,0
BRDA:26,2,0,1
BRDA:26,2,1,0
BRDA:28,3,0,0
BRDA:28,3,1,0
BRDA:28,4,0,0
BRDA:28,4,1,0
BRF:10
BRH:3
end_of_record
TN:
SF:/Users/manu/Projects/angular-gmp2019Q3/src/app/modules/course/components/author/author.component.ts
FN:12,(anonymous_0)
FN:39,(anonymous_1)
FN:41,(anonymous_2)
FN:43,(anonymous_3)
FN:47,(anonymous_4)
FN:57,(anonymous_5)
FN:61,(anonymous_6)
FN:65,(anonymous_7)
FN:71,(anonymous_8)
FN:86,(anonymous_9)
FN:19,(anonymous_10)
FN:24,(anonymous_11)
FNF:12
FNH:9
FNDA:2,(anonymous_0)
FNDA:1,(anonymous_1)
FNDA:0,(anonymous_2)
FNDA:1,(anonymous_3)
FNDA:1,(anonymous_4)
FNDA:1,(anonymous_5)
FNDA:1,(anonymous_6)
FNDA:1,(anonymous_7)
FNDA:0,(anonymous_8)
FNDA:0,(anonymous_9)
FNDA:2,(anonymous_10)
FNDA:2,(anonymous_11)
DA:19,2
DA:24,2
DA:29,1
DA:32,2
DA:34,2
DA:35,2
DA:36,2
DA:37,2
DA:39,2
DA:41,2
DA:44,1
DA:48,1
DA:50,1
DA:58,1
DA:62,1
DA:66,1
DA:68,1
DA:72,0
DA:73,0
DA:75,0
DA:76,0
DA:79,0
DA:80,0
DA:83,0
DA:87,0
DA:89,0
DA:90,0
DA:93,0
LF:28
LH:17
BRDA:48,0,0,1
BRDA:48,0,1,1
BRDA:51,1,0,1
BRDA:51,1,1,1
BRDA:75,2,0,0
BRDA:75,2,1,0
BRDA:75,3,0,0
BRDA:75,3,1,0
BRDA:79,4,0,0
BRDA:79,4,1,0
BRDA:89,5,0,0
BRDA:89,5,1,0
BRF:12
BRH:4
end_of_record
TN:
SF:/Users/manu/Projects/angular-gmp2019Q3/src/app/modules/course/components/course-add-page/course-add-page.component.ts
FN:19,(anonymous_0)
FN:21,(anonymous_1)
FN:25,(anonymous_2)
FN:29,(anonymous_3)
FNF:4
FNH:2
FNDA:1,(anonymous_0)
FNDA:1,(anonymous_1)
FNDA:0,(anonymous_2)
FNDA:0,(anonymous_3)
DA:15,1
DA:16,1
DA:19,1
DA:22,1
DA:26,0
DA:30,0
LF:6
LH:4
BRF:0
BRH:0
end_of_record
TN:
SF:/Users/manu/Projects/angular-gmp2019Q3/src/app/modules/course/components/course-edit-page/course-edit-page.component.ts
FN:21,(anonymous_0)
FN:29,(anonymous_1)
FN:30,(anonymous_2)
FN:31,(anonymous_3)
FN:38,(anonymous_4)
FN:42,(anonymous_5)
FNF:6
FNH:3
FNDA:1,(anonymous_0)
FNDA:1,(anonymous_1)
FNDA:1,(anonymous_2)
FNDA:0,(anonymous_3)
FNDA:0,(anonymous_4)
FNDA:0,(anonymous_5)
DA:17,1
DA:18,1
DA:22,1
DA:23,1
DA:24,1
DA:25,1
DA:26,1
DA:30,1
DA:31,1
DA:32,0
DA:33,0
DA:39,0
DA:43,0
LF:13
LH:9
BRF:0
BRH:0
end_of_record
TN:
SF:/Users/manu/Projects/angular-gmp2019Q3/src/app/modules/course/components/course-form/course-form.component.ts
FN:8,(anonymous_0)
FN:21,(anonymous_1)
FN:34,(anonymous_2)
FN:38,(anonymous_3)
FN:42,(anonymous_4)
FN:46,(anonymous_5)
FN:50,(anonymous_6)
FN:54,(anonymous_7)
FN:58,(anonymous_8)
FNF:9
FNH:7
FNDA:1,(anonymous_0)
FNDA:1,(anonymous_1)
FNDA:2,(anonymous_2)
FNDA:2,(anonymous_3)
FNDA:1,(anonymous_4)
FNDA:2,(anonymous_5)
FNDA:2,(anonymous_6)
FNDA:0,(anonymous_7)
FNDA:0,(anonymous_8)
DA:14,1
DA:15,1
DA:16,1
DA:17,1
DA:22,1
DA:35,2
DA:39,2
DA:43,1
DA:47,2
DA:51,2
DA:55,0
DA:59,0
LF:12
LH:10
BRF:0
BRH:0
end_of_record
TN:
SF:/Users/manu/Projects/angular-gmp2019Q3/src/app/modules/course/components/courses-list/courses-list.component.ts
FN:30,(anonymous_0)
FN:40,(anonymous_1)
FN:41,(anonymous_2)
FN:48,(anonymous_3)
FN:54,(anonymous_4)
FN:56,(anonymous_5)
FN:70,(anonymous_6)
FN:74,(anonymous_7)
FN:78,(anonymous_8)
FN:82,(anonymous_9)
FN:86,(anonymous_10)
FN:98,(anonymous_11)
FN:103,(anonymous_12)
FN:112,(anonymous_13)
FNF:14
FNH:5
FNDA:4,(anonymous_0)
FNDA:4,(anonymous_1)
FNDA:4,(anonymous_2)
FNDA:4,(anonymous_3)
FNDA:0,(anonymous_4)
FNDA:0,(anonymous_5)
FNDA:4,(anonymous_6)
FNDA:0,(anonymous_7)
FNDA:0,(anonymous_8)
FNDA:0,(anonymous_9)
FNDA:0,(anonymous_10)
FNDA:0,(anonymous_11)
FNDA:0,(anonymous_12)
FNDA:0,(anonymous_13)
DA:23,1
DA:24,4
DA:25,4
DA:26,4
DA:27,4
DA:28,4
DA:31,4
DA:32,4
DA:33,4
DA:34,4
DA:35,4
DA:36,4
DA:38,4
DA:40,4
DA:42,4
DA:43,4
DA:49,4
DA:54,0
DA:57,0
DA:71,4
DA:75,0
DA:79,0
DA:83,0
DA:87,0
DA:99,0
DA:100,0
DA:104,0
DA:112,0
DA:113,0
DA:114,0
LF:30
LH:18
BRDA:54,0,0,0
BRDA:54,0,1,0
BRDA:113,1,0,0
BRDA:113,1,1,0
BRF:4
BRH:0
end_of_record
TN:
SF:/Users/manu/Projects/angular-gmp2019Q3/src/app/modules/course/components/courses-list-item/courses-list-item.component.ts
FN:5,(anonymous_0)
FN:19,(anonymous_1)
FN:23,(anonymous_2)
FNF:3
FNH:3
FNDA:12,(anonymous_0)
FNDA:1,(anonymous_1)
FNDA:1,(anonymous_2)
DA:11,1
DA:12,1
DA:14,12
DA:15,12
DA:17,12
DA:20,1
DA:24,1
LF:7
LH:7
BRF:0
BRH:0
end_of_record
TN:
SF:/Users/manu/Projects/angular-gmp2019Q3/src/app/modules/course/components/courses-list-search/courses-list-search.component.ts
FN:4,(anonymous_0)
FN:16,(anonymous_1)
FN:20,(anonymous_2)
FNF:3
FNH:2
FNDA:2,(anonymous_0)
FNDA:2,(anonymous_1)
FNDA:0,(anonymous_2)
DA:10,1
DA:13,3
DA:14,3
DA:17,2
DA:21,0
LF:5
LH:4
BRF:0
BRH:0
end_of_record
TN:
SF:/Users/manu/Projects/angular-gmp2019Q3/src/app/modules/course/models/course.class.ts
FN:26,(anonymous_0)
FNF:1
FNH:1
FNDA:2,(anonymous_0)
DA:27,2
DA:28,2
DA:29,2
DA:30,2
DA:31,2
DA:32,2
DA:33,2
DA:34,2
DA:35,2
LF:9
LH:9
BRDA:27,0,0,2
BRDA:27,0,1,1
BRDA:27,0,2,1
BRDA:28,1,0,2
BRDA:28,1,1,1
BRDA:28,1,2,1
BRDA:29,2,0,2
BRDA:29,2,1,1
BRDA:29,2,2,2
BRDA:30,3,0,2
BRDA:30,3,1,1
BRDA:30,3,2,1
BRDA:31,4,0,2
BRDA:31,4,1,1
BRDA:31,4,2,2
BRDA:32,5,0,2
BRDA:32,5,1,1
BRDA:32,5,2,1
BRDA:33,6,0,2
BRDA:33,6,1,1
BRDA:33,6,2,1
BRDA:34,7,0,2
BRDA:34,7,1,1
BRDA:34,7,2,1
BRDA:35,8,0,2
BRDA:35,8,1,1
BRDA:35,8,2,2
BRF:27
BRH:27
end_of_record
TN:
SF:/Users/manu/Projects/angular-gmp2019Q3/src/app/modules/course/services/course.service.ts
FN:23,(anonymous_0)
FN:30,(anonymous_1)
FN:32,(anonymous_2)
FN:35,(anonymous_3)
FN:39,(anonymous_4)
FN:42,(anonymous_5)
FN:44,(anonymous_6)
FN:47,(anonymous_7)
FN:49,(anonymous_8)
FN:52,(anonymous_9)
FN:54,(anonymous_10)
FN:57,(anonymous_11)
FN:59,(anonymous_12)
FNF:13
FNH:2
FNDA:7,(anonymous_0)
FNDA:1,(anonymous_1)
FNDA:0,(anonymous_2)
FNDA:0,(anonymous_3)
FNDA:0,(anonymous_4)
FNDA:0,(anonymous_5)
FNDA:0,(anonymous_6)
FNDA:0,(anonymous_7)
FNDA:0,(anonymous_8)
FNDA:0,(anonymous_9)
FNDA:0,(anonymous_10)
FNDA:0,(anonymous_11)
FNDA:0,(anonymous_12)
DA:17,1
DA:23,7
DA:24,7
DA:25,7
DA:26,7
DA:27,7
DA:31,1
DA:32,1
DA:36,0
DA:37,0
DA:39,0
DA:43,0
DA:44,0
DA:48,0
DA:49,0
DA:53,0
DA:54,0
DA:58,0
DA:59,0
LF:19
LH:8
BRDA:35,0,0,0
BRDA:35,1,0,0
BRDA:35,2,0,0
BRF:3
BRH:0
end_of_record
TN:
SF:/Users/manu/Projects/angular-gmp2019Q3/src/app/modules/course/utils/course-border.directive.ts
FN:13,(anonymous_0)
FN:15,(anonymous_1)
FN:27,(anonymous_2)
FNF:3
FNH:3
FNDA:4,(anonymous_0)
FNDA:3,(anonymous_1)
FNDA:3,(anonymous_2)
DA:6,1
DA:7,1
DA:13,4
DA:16,3
DA:17,3
DA:18,3
DA:20,3
DA:21,1
DA:22,2
DA:23,1
DA:29,3
LF:11
LH:11
BRDA:20,0,0,1
BRDA:20,0,1,2
BRDA:20,1,0,3
BRDA:20,1,1,2
BRDA:22,2,0,1
BRDA:22,2,1,1
BRF:6
BRH:6
end_of_record
TN:
SF:/Users/manu/Projects/angular-gmp2019Q3/src/app/modules/course/utils/duration.pipe.ts
FN:8,(anonymous_0)
FNF:1
FNH:1
FNDA:13,(anonymous_0)
DA:6,1
DA:9,13
DA:10,0
DA:13,13
DA:14,13
DA:15,13
LF:6
LH:5
BRDA:9,0,0,0
BRDA:9,0,1,13
BRF:2
BRH:1
end_of_record
TN:
SF:/Users/manu/Projects/angular-gmp2019Q3/src/app/modules/shared/components/dialog/dialog.component.ts
FN:12,(anonymous_0)
FNF:1
FNH:1
FNDA:1,(anonymous_0)
DA:11,1
DA:12,1
LF:2
LH:2
BRF:0
BRH:0
end_of_record
TN:
SF:/Users/manu/Projects/angular-gmp2019Q3/src/app/modules/shared/constants/api-const.class.ts
FN:18,(anonymous_0)
FNF:1
FNH:1
FNDA:21,(anonymous_0)
DA:4,1
DA:19,21
LF:2
LH:2
BRF:0
BRH:0
end_of_record
TN:
SF:/Users/manu/Projects/angular-gmp2019Q3/src/app/modules/shared/directives/number-validator.directive.ts
FN:4,validateDigits
FN:7,(anonymous_1)
FN:24,(anonymous_2)
FNF:3
FNH:3
FNDA:2,validateDigits
FNDA:3,(anonymous_1)
FNDA:1,(anonymous_2)
DA:5,2
DA:7,2
DA:8,3
DA:21,1
DA:25,1
LF:5
LH:5
BRDA:9,0,0,3
BRDA:9,0,1,0
BRF:2
BRH:1
end_of_record
TN:
SF:/Users/manu/Projects/angular-gmp2019Q3/src/app/store/actions/course.actions.ts
FNF:0
FNH:0
DA:6,1
DA:7,1
DA:8,1
DA:10,1
DA:11,1
DA:12,1
DA:14,1
DA:15,1
DA:17,1
DA:18,1
DA:19,1
DA:21,1
DA:22,1
DA:23,1
LF:14
LH:14
BRF:0
BRH:0
end_of_record
TN:
SF:/Users/manu/Projects/angular-gmp2019Q3/src/app/store/actions/user.actions.ts
FNF:0
FNH:0
DA:5,1
DA:6,1
DA:7,1
DA:8,1
DA:10,1
DA:11,1
DA:12,1
DA:14,1
DA:15,1
DA:16,1
LF:10
LH:10
BRF:0
BRH:0
end_of_record
TN:
SF:/Users/manu/Projects/angular-gmp2019Q3/src/app/store/effects/course.effects.ts
FN:98,(anonymous_0)
FN:12,(anonymous_1)
FN:15,(anonymous_2)
FN:17,(anonymous_3)
FN:18,(anonymous_4)
FN:24,(anonymous_5)
FN:27,(anonymous_6)
FN:29,(anonymous_7)
FN:30,(anonymous_8)
FN:36,(anonymous_9)
FN:39,(anonymous_10)
FN:41,(anonymous_11)
FN:42,(anonymous_12)
FN:48,(anonymous_13)
FN:51,(anonymous_14)
FN:53,(anonymous_15)
FN:54,(anonymous_16)
FN:61,(anonymous_17)
FN:64,(anonymous_18)
FN:73,(anonymous_19)
FN:76,(anonymous_20)
FN:78,(anonymous_21)
FN:79,(anonymous_22)
FN:86,(anonymous_23)
FN:89,(anonymous_24)
FNF:25
FNH:8
FNDA:1,(anonymous_0)
FNDA:1,(anonymous_1)
FNDA:0,(anonymous_2)
FNDA:0,(anonymous_3)
FNDA:0,(anonymous_4)
FNDA:1,(anonymous_5)
FNDA:0,(anonymous_6)
FNDA:0,(anonymous_7)
FNDA:0,(anonymous_8)
FNDA:1,(anonymous_9)
FNDA:0,(anonymous_10)
FNDA:0,(anonymous_11)
FNDA:0,(anonymous_12)
FNDA:1,(anonymous_13)
FNDA:0,(anonymous_14)
FNDA:0,(anonymous_15)
FNDA:0,(anonymous_16)
FNDA:1,(anonymous_17)
FNDA:0,(anonymous_18)
FNDA:1,(anonymous_19)
FNDA:0,(anonymous_20)
FNDA:0,(anonymous_21)
FNDA:0,(anonymous_22)
FNDA:1,(anonymous_23)
FNDA:0,(anonymous_24)
DA:11,1
DA:12,1
DA:13,1
DA:16,0
DA:17,0
DA:18,0
DA:24,1
DA:25,1
DA:28,0
DA:29,0
DA:30,0
DA:36,1
DA:37,1
DA:40,0
DA:41,0
DA:42,0
DA:48,1
DA:49,1
DA:52,0
DA:53,0
DA:54,0
DA:60,1
DA:62,1
DA:65,0
DA:73,1
DA:74,1
DA:77,0
DA:78,0
DA:79,0
DA:85,1
DA:87,1
DA:90,0
DA:99,1
DA:100,1
DA:101,1
LF:35
LH:18
BRF:0
BRH:0
end_of_record
TN:
SF:/Users/manu/Projects/angular-gmp2019Q3/src/app/store/effects/user.effects.ts
FN:48,(anonymous_0)
FN:12,(anonymous_1)
FN:15,(anonymous_2)
FN:17,(anonymous_3)
FN:18,(anonymous_4)
FN:25,(anonymous_5)
FN:28,(anonymous_6)
FN:37,(anonymous_7)
FN:40,(anonymous_8)
FNF:9
FNH:4
FNDA:1,(anonymous_0)
FNDA:1,(anonymous_1)
FNDA:0,(anonymous_2)
FNDA:0,(anonymous_3)
FNDA:0,(anonymous_4)
FNDA:1,(anonymous_5)
FNDA:0,(anonymous_6)
FNDA:1,(anonymous_7)
FNDA:0,(anonymous_8)
DA:11,1
DA:12,1
DA:13,1
DA:16,0
DA:17,0
DA:18,0
DA:24,1
DA:26,1
DA:29,0
DA:30,0
DA:36,1
DA:38,1
DA:41,0
DA:42,0
DA:48,1
LF:15
LH:8
BRF:0
BRH:0
end_of_record
TN:
SF:/Users/manu/Projects/angular-gmp2019Q3/src/app/store/reducers/course.reducer.ts
FN:18,(anonymous_0)
FN:19,(anonymous_1)
FN:22,reducer
FNF:3
FNH:1
FNDA:0,(anonymous_0)
FNDA:0,(anonymous_1)
FNDA:1,reducer
DA:6,1
DA:12,1
DA:16,1
DA:18,0
DA:19,0
DA:23,1
LF:6
LH:4
BRF:0
BRH:0
end_of_record
TN:
SF:/Users/manu/Projects/angular-gmp2019Q3/src/app/store/reducers/user.reducer.ts
FN:20,(anonymous_0)
FN:21,(anonymous_1)
FN:22,(anonymous_2)
FN:25,reducer
FNF:4
FNH:1
FNDA:0,(anonymous_0)
FNDA:0,(anonymous_1)
FNDA:0,(anonymous_2)
FNDA:1,reducer
DA:6,1
DA:13,1
DA:18,1
DA:20,0
DA:21,0
DA:22,0
DA:26,1
LF:7
LH:4
BRF:0
BRH:0
end_of_record
TN:
SF:/Users/manu/Projects/angular-gmp2019Q3/src/environments/environment.ts
FNF:0
FNH:0
DA:5,1
LF:1
LH:1
BRF:0
BRH:0
end_of_record
